This is pdfTeX, Version 3.14159265-2.6-1.40.18 (MiKTeX 2.9.6500 64-bit) (preloaded format=pdflatex 2018.1.25)  22 MAR 2018 21:51
entering extended mode
**"./Kaggle Report.tex"
("Kaggle Report.tex"
LaTeX2e <2017-04-15>
Babel <3.15> and hyphenation patterns for 75 language(s) loaded.
(ieeeconf.cls
Document Class: ieeeconf 2016/4/23 revision V1.6b by Pradeep Misra
\@IEEEtrantmpdimenA=\dimen102
\@IEEEtrantmpdimenB=\dimen103
\@IEEEtrantmpcountA=\count79
\@IEEEtrantmpcountB=\count80
\@IEEEtrantmptoksA=\toks14
LaTeX Font Info:    Try loading font information for OT1+ptm on input line 794.

("C:\Program Files\MiKTeX 2.9\tex\latex\psnfss\ot1ptm.fd"
File: ot1ptm.fd 2001/06/04 font definitions for OT1/ptm.
)
\@IEEEnormalsizefontbaselineskip=\skip41

-- This is a 10 point document.
\normalsizebaselineskip=\skip42
\normaljot=\skip43
LaTeX Font Info:    Font shape `OT1/ptm/bx/n' in size <5> not available
(Font)              Font shape `OT1/ptm/b/n' tried instead on input line 1113.
LaTeX Font Info:    Font shape `OT1/ptm/bx/it' in size <5> not available
(Font)              Font shape `OT1/ptm/b/it' tried instead on input line 1113.

LaTeX Font Info:    Font shape `OT1/ptm/bx/n' in size <7> not available
(Font)              Font shape `OT1/ptm/b/n' tried instead on input line 1113.
LaTeX Font Info:    Font shape `OT1/ptm/bx/it' in size <7> not available
(Font)              Font shape `OT1/ptm/b/it' tried instead on input line 1113.

LaTeX Font Info:    Font shape `OT1/ptm/bx/n' in size <8> not available
(Font)              Font shape `OT1/ptm/b/n' tried instead on input line 1113.
LaTeX Font Info:    Font shape `OT1/ptm/bx/it' in size <8> not available
(Font)              Font shape `OT1/ptm/b/it' tried instead on input line 1113.

LaTeX Font Info:    Font shape `OT1/ptm/bx/n' in size <9> not available
(Font)              Font shape `OT1/ptm/b/n' tried instead on input line 1113.
LaTeX Font Info:    Font shape `OT1/ptm/bx/it' in size <9> not available
(Font)              Font shape `OT1/ptm/b/it' tried instead on input line 1113.

LaTeX Font Info:    Font shape `OT1/ptm/bx/n' in size <10> not available
(Font)              Font shape `OT1/ptm/b/n' tried instead on input line 1113.
LaTeX Font Info:    Font shape `OT1/ptm/bx/it' in size <10> not available
(Font)              Font shape `OT1/ptm/b/it' tried instead on input line 1113.

LaTeX Font Info:    Font shape `OT1/ptm/bx/n' in size <11> not available
(Font)              Font shape `OT1/ptm/b/n' tried instead on input line 1113.
LaTeX Font Info:    Font shape `OT1/ptm/bx/it' in size <11> not available
(Font)              Font shape `OT1/ptm/b/it' tried instead on input line 1113.

LaTeX Font Info:    Font shape `OT1/ptm/bx/n' in size <12> not available
(Font)              Font shape `OT1/ptm/b/n' tried instead on input line 1113.
LaTeX Font Info:    Font shape `OT1/ptm/bx/it' in size <12> not available
(Font)              Font shape `OT1/ptm/b/it' tried instead on input line 1113.

LaTeX Font Info:    Font shape `OT1/ptm/bx/n' in size <16> not available
(Font)              Font shape `OT1/ptm/b/n' tried instead on input line 1113.
LaTeX Font Info:    Font shape `OT1/ptm/bx/it' in size <16> not available
(Font)              Font shape `OT1/ptm/b/it' tried instead on input line 1113.

LaTeX Font Info:    Font shape `OT1/ptm/bx/n' in size <20> not available
(Font)              Font shape `OT1/ptm/b/n' tried instead on input line 1113.
LaTeX Font Info:    Font shape `OT1/ptm/bx/it' in size <20> not available
(Font)              Font shape `OT1/ptm/b/it' tried instead on input line 1113.

LaTeX Font Info:    Font shape `OT1/ptm/bx/n' in size <24> not available
(Font)              Font shape `OT1/ptm/b/n' tried instead on input line 1113.
LaTeX Font Info:    Font shape `OT1/ptm/bx/it' in size <24> not available
(Font)              Font shape `OT1/ptm/b/it' tried instead on input line 1113.

\IEEEilabelindentA=\dimen104
\IEEEilabelindentB=\dimen105
\IEEEilabelindent=\dimen106
\IEEEelabelindent=\dimen107
\IEEEdlabelindent=\dimen108
\labelindent=\dimen109
\IEEEiednormlabelsep=\dimen110
\IEEEiedmathlabelsep=\dimen111
\IEEEiedtopsep=\skip44
\c@section=\count81
\c@subsection=\count82
\c@subsubsection=\count83
\c@paragraph=\count84
\c@IEEEsubequation=\count85
\abovecaptionskip=\skip45
\belowcaptionskip=\skip46
\c@figure=\count86
\c@table=\count87
\@IEEEeqnnumcols=\count88
\@IEEEeqncolcnt=\count89
\@IEEEtmpitemindent=\dimen112
\c@biography=\count90
\@IEEEtranrubishbin=\box26
)
** ATTENTION: Overriding command lockouts (line 9).
** ATTENTION: Overriding IEEE standard margins (line 12).
("C:\Program Files\MiKTeX 2.9\tex\latex\graphics\graphicx.sty"
Package: graphicx 2017/06/01 v1.1a Enhanced LaTeX Graphics (DPC,SPQR)

("C:\Program Files\MiKTeX 2.9\tex\latex\graphics\keyval.sty"
Package: keyval 2014/10/28 v1.15 key=value parser (DPC)
\KV@toks@=\toks15
)
("C:\Program Files\MiKTeX 2.9\tex\latex\graphics\graphics.sty"
Package: graphics 2017/06/25 v1.2c Standard LaTeX Graphics (DPC,SPQR)

("C:\Program Files\MiKTeX 2.9\tex\latex\graphics\trig.sty"
Package: trig 2016/01/03 v1.10 sin cos tan (DPC)
)
("C:\Program Files\MiKTeX 2.9\tex\latex\graphics-cfg\graphics.cfg"
File: graphics.cfg 2016/06/04 v1.11 sample graphics configuration
)
Package graphics Info: Driver file: pdftex.def on input line 99.

("C:\Program Files\MiKTeX 2.9\tex\latex\graphics-def\pdftex.def"
File: pdftex.def 2017/06/24 v1.0g Graphics/color driver for pdftex
))
\Gin@req@height=\dimen113
\Gin@req@width=\dimen114
)
("C:\Program Files\MiKTeX 2.9\tex\latex\amsmath\amsmath.sty"
Package: amsmath 2017/09/02 v2.17a AMS math features
\@mathmargin=\skip47

For additional information on amsmath, use the `?' option.
("C:\Program Files\MiKTeX 2.9\tex\latex\amsmath\amstext.sty"
Package: amstext 2000/06/29 v2.01 AMS text

("C:\Program Files\MiKTeX 2.9\tex\latex\amsmath\amsgen.sty"
File: amsgen.sty 1999/11/30 v2.0 generic functions
\@emptytoks=\toks16
\ex@=\dimen115
))
("C:\Program Files\MiKTeX 2.9\tex\latex\amsmath\amsbsy.sty"
Package: amsbsy 1999/11/29 v1.2d Bold Symbols
\pmbraise@=\dimen116
)
("C:\Program Files\MiKTeX 2.9\tex\latex\amsmath\amsopn.sty"
Package: amsopn 2016/03/08 v2.02 operator names
)
\inf@bad=\count91
LaTeX Info: Redefining \frac on input line 213.
\uproot@=\count92
\leftroot@=\count93
LaTeX Info: Redefining \overline on input line 375.
\classnum@=\count94
\DOTSCASE@=\count95
LaTeX Info: Redefining \ldots on input line 472.
LaTeX Info: Redefining \dots on input line 475.
LaTeX Info: Redefining \cdots on input line 596.
\Mathstrutbox@=\box27
\strutbox@=\box28
\big@size=\dimen117
LaTeX Font Info:    Redeclaring font encoding OML on input line 712.
LaTeX Font Info:    Redeclaring font encoding OMS on input line 713.
\macc@depth=\count96
\c@MaxMatrixCols=\count97
\dotsspace@=\muskip10
\c@parentequation=\count98
\dspbrk@lvl=\count99
\tag@help=\toks17
\row@=\count100
\column@=\count101
\maxfields@=\count102
\andhelp@=\toks18
\eqnshift@=\dimen118
\alignsep@=\dimen119
\tagshift@=\dimen120
\tagwidth@=\dimen121
\totwidth@=\dimen122
\lineht@=\dimen123
\@envbody=\toks19
\multlinegap=\skip48
\multlinetaggap=\skip49
\mathdisplay@stack=\toks20
LaTeX Info: Redefining \[ on input line 2817.
LaTeX Info: Redefining \] on input line 2818.
)
("C:\Program Files\MiKTeX 2.9\tex\latex\url\url.sty"
\Urlmuskip=\muskip11
Package: url 2013/09/16  ver 3.4  Verb mode for urls, etc.
)
("C:\Program Files\MiKTeX 2.9\tex\latex\was\gensymb.sty"
Package: gensymb 2003/07/02 v1.0 (WaS)
)
("C:\Program Files\MiKTeX 2.9\tex\latex\tools\enumerate.sty"
Package: enumerate 2015/07/23 v3.00 enumerate extensions (DPC)
\@enLab=\toks21
)
\c@thm=\count103

("Kaggle Report.aux")
\openout1 = `"Kaggle Report.aux"'.

LaTeX Font Info:    Checking defaults for OML/cmm/m/it on input line 54.
LaTeX Font Info:    ... okay on input line 54.
LaTeX Font Info:    Checking defaults for T1/cmr/m/n on input line 54.
LaTeX Font Info:    ... okay on input line 54.
LaTeX Font Info:    Checking defaults for OT1/cmr/m/n on input line 54.
LaTeX Font Info:    ... okay on input line 54.
LaTeX Font Info:    Checking defaults for OMS/cmsy/m/n on input line 54.
LaTeX Font Info:    ... okay on input line 54.
LaTeX Font Info:    Checking defaults for OMX/cmex/m/n on input line 54.
LaTeX Font Info:    ... okay on input line 54.
LaTeX Font Info:    Checking defaults for U/cmr/m/n on input line 54.
LaTeX Font Info:    ... okay on input line 54.

("C:\Program Files\MiKTeX 2.9\tex\context\base\supp-pdf.mkii"
[Loading MPS to PDF converter (version 2006.09.02).]
\scratchcounter=\count104
\scratchdimen=\dimen124
\scratchbox=\box29
\nofMPsegments=\count105
\nofMParguments=\count106
\everyMPshowfont=\toks22
\MPscratchCnt=\count107
\MPscratchDim=\dimen125
\MPnumerator=\count108
\makeMPintoPDFobject=\count109
\everyMPtoPDFconversion=\toks23
) ("C:\Program Files\MiKTeX 2.9\tex\latex\oberdiek\epstopdf-base.sty"
Package: epstopdf-base 2016/05/15 v2.6 Base part for package epstopdf

("C:\Program Files\MiKTeX 2.9\tex\generic\oberdiek\infwarerr.sty"
Package: infwarerr 2016/05/16 v1.4 Providing info/warning/error messages (HO)
)
("C:\Program Files\MiKTeX 2.9\tex\latex\oberdiek\grfext.sty"
Package: grfext 2016/05/16 v1.2 Manage graphics extensions (HO)

("C:\Program Files\MiKTeX 2.9\tex\generic\oberdiek\kvdefinekeys.sty"
Package: kvdefinekeys 2016/05/16 v1.4 Define keys (HO)

("C:\Program Files\MiKTeX 2.9\tex\generic\oberdiek\ltxcmds.sty"
Package: ltxcmds 2016/05/16 v1.23 LaTeX kernel commands for general use (HO)
)))
("C:\Program Files\MiKTeX 2.9\tex\latex\oberdiek\kvoptions.sty"
Package: kvoptions 2016/05/16 v3.12 Key value format for package options (HO)

("C:\Program Files\MiKTeX 2.9\tex\generic\oberdiek\kvsetkeys.sty"
Package: kvsetkeys 2016/05/16 v1.17 Key value parser (HO)

("C:\Program Files\MiKTeX 2.9\tex\generic\oberdiek\etexcmds.sty"
Package: etexcmds 2016/05/16 v1.6 Avoid name clashes with e-TeX commands (HO)

("C:\Program Files\MiKTeX 2.9\tex\generic\oberdiek\ifluatex.sty"
Package: ifluatex 2016/05/16 v1.4 Provides the ifluatex switch (HO)
Package ifluatex Info: LuaTeX not detected.
)
Package etexcmds Info: Could not find \expanded.
(etexcmds)             That can mean that you are not using pdfTeX 1.50 or
(etexcmds)             that some package has redefined \expanded.
(etexcmds)             In the latter case, load this package earlier.
)))
("C:\Program Files\MiKTeX 2.9\tex\generic\oberdiek\pdftexcmds.sty"
Package: pdftexcmds 2017/03/19 v0.25 Utility functions of pdfTeX for LuaTeX (HO
)

("C:\Program Files\MiKTeX 2.9\tex\generic\oberdiek\ifpdf.sty"
Package: ifpdf 2017/03/15 v3.2 Provides the ifpdf switch
)
Package pdftexcmds Info: LuaTeX not detected.
Package pdftexcmds Info: \pdf@primitive is available.
Package pdftexcmds Info: \pdf@ifprimitive is available.
Package pdftexcmds Info: \pdfdraftmode found.
)
Package epstopdf-base Info: Redefining graphics rule for `.eps' on input line 4
38.
Package grfext Info: Graphics extension search list:
(grfext)             [.pdf,.png,.jpg,.mps,.jpeg,.jbig2,.jb2,.PDF,.PNG,.JPG,.JPE
G,.JBIG2,.JB2,.eps]
(grfext)             \AppendGraphicsExtensions on input line 456.
)
LaTeX Info: Redefining \celsius on input line 54.
Package gensymb Info: Faking symbols for \degree and \celsius on input line 54.



Package gensymb Warning: Not defining \perthousand.

LaTeX Info: Redefining \ohm on input line 54.
Package gensymb Info: Using \Omega for \ohm on input line 54.

Package gensymb Warning: Not defining \micro.

LaTeX Font Info:    Calculating math sizes for size <11> on input line 58.
LaTeX Font Info:    Try loading font information for OT1+pcr on input line 58.
("C:\Program Files\MiKTeX 2.9\tex\latex\psnfss\ot1pcr.fd"
File: ot1pcr.fd 2001/06/04 font definitions for OT1/pcr.
)
<figures/originalDataset.pdf, id=1, pagebox=cropbox, 404.712pt x 433.62pt>
File: figures/originalDataset.pdf Graphic file (type pdf)
<use figures/originalDataset.pdf>
Package pdftex.def Info: figures/originalDataset.pdf  used on input line 77. on
 input line 77.
Package pdftex.def Info: Requested size: 252.94499pt x 271.01183pt on input lin
e 77.

Overfull \hbox (7.22688pt too wide) in paragraph at lines 77--78
 [] 
 []


LaTeX Warning: `h' float specifier changed to `ht'.

<figures/21stepwide8bit.jpg, id=2, 536.20325pt x 144.54pt>
File: figures/21stepwide8bit.jpg Graphic file (type jpg)
<use figures/21stepwide8bit.jpg>
Package pdftex.def Info: figures/21stepwide8bit.jpg  used on input line 87. on 
input line 87.
Package pdftex.def Info: Requested size: 252.94499pt x 68.18523pt on input line
 87.

Overfull \hbox (7.22688pt too wide) in paragraph at lines 87--88
 [] 
 []

[1{C:/Users/hamed/AppData/Local/MiKTeX/2.9/pdftex/config/pdftex.map}


 <./figures/originalDataset.pdf> <./figures/21stepwide8bit.jpg>]
<figures/thresholdDataset.pdf, id=61, pagebox=cropbox, 404.712pt x 433.62pt>
File: figures/thresholdDataset.pdf Graphic file (type pdf)
<use figures/thresholdDataset.pdf>
Package pdftex.def Info: figures/thresholdDataset.pdf  used on input line 115. 
on input line 115.
Package pdftex.def Info: Requested size: 252.94499pt x 271.01183pt on input lin
e 115.

Overfull \hbox (7.22688pt too wide) in paragraph at lines 115--116
 [] 
 []

<figures/thresholdmedDataset.pdf, id=62, pagebox=cropbox, 404.712pt x 433.62pt>

File: figures/thresholdmedDataset.pdf Graphic file (type pdf)
<use figures/thresholdmedDataset.pdf>
Package pdftex.def Info: figures/thresholdmedDataset.pdf  used on input line 13
0. on input line 130.
Package pdftex.def Info: Requested size: 252.94499pt x 271.01183pt on input lin
e 130.

Overfull \hbox (7.22688pt too wide) in paragraph at lines 130--131
 [] 
 []


LaTeX Warning: `h' float specifier changed to `ht'.

<figures/BiggestDataset.pdf, id=63, pagebox=cropbox, 404.712pt x 433.62pt>
File: figures/BiggestDataset.pdf Graphic file (type pdf)
<use figures/BiggestDataset.pdf>
Package pdftex.def Info: figures/BiggestDataset.pdf  used on input line 158. on
 input line 158.
Package pdftex.def Info: Requested size: 252.94499pt x 271.01183pt on input lin
e 158.

Overfull \hbox (7.22688pt too wide) in paragraph at lines 158--159
 [] 
 []


LaTeX Warning: `h' float specifier changed to `ht'.

<figures/allDataset.pdf, id=64, pagebox=cropbox, 361.35pt x 361.35pt>
File: figures/allDataset.pdf Graphic file (type pdf)
<use figures/allDataset.pdf>
Package pdftex.def Info: figures/allDataset.pdf  used on input line 168. on inp
ut line 168.
Package pdftex.def Info: Requested size: 252.94499pt x 252.94327pt on input lin
e 168.

Overfull \hbox (7.22688pt too wide) in paragraph at lines 168--169
 [] 
 []

[2 <./figures/thresholdDataset.pdf> <./figures/thresholdmedDataset.pdf

pdfTeX warning: pdflatex.exe (file ./figures/thresholdmedDataset.pdf): PDF incl
usion: multiple pdfs with page group included in a single page
>]

LaTeX Warning: `h' float specifier changed to `ht'.

<figures/svmSlack.png, id=165, 128.8815pt x 131.2905pt>
File: figures/svmSlack.png Graphic file (type png)
<use figures/svmSlack.png>
Package pdftex.def Info: figures/svmSlack.png  used on input line 201. on input
 line 201.
Package pdftex.def Info: Requested size: 151.76854pt x 154.6109pt on input line
 201.

LaTeX Warning: `h' float specifier changed to `ht'.

[3 <./figures/BiggestDataset.pdf> <./figures/allDataset.pdf

pdfTeX warning: pdflatex.exe (file ./figures/allDataset.pdf): PDF inclusion: mu
ltiple pdfs with page group included in a single page
>]
<figures/CNNflowchart.png, id=254, 509.832pt x 222.723pt>
File: figures/CNNflowchart.png Graphic file (type png)
<use figures/CNNflowchart.png>
Package pdftex.def Info: figures/CNNflowchart.png  used on input line 222. on i
nput line 222.
Package pdftex.def Info: Requested size: 505.89pt x 221.00621pt on input line 2
22.
<figures/svm_tuning.png, id=255, 462.528pt x 346.896pt>
File: figures/svm_tuning.png Graphic file (type png)
<use figures/svm_tuning.png>
Package pdftex.def Info: figures/svm_tuning.png  used on input line 254. on inp
ut line 254.
Package pdftex.def Info: Requested size: 227.64894pt x 170.73744pt on input lin
e 254.
<figures/cnncomplexity.png, id=257, 557.08125pt x 457.71pt>
File: figures/cnncomplexity.png Graphic file (type png)
<use figures/cnncomplexity.png>
Package pdftex.def Info: figures/cnncomplexity.png  used on input line 268. on 
input line 268.
Package pdftex.def Info: Requested size: 227.64894pt x 187.04073pt on input lin
e 268.
<figures/CNNaccuvsLayers.pdf, id=258, pagebox=cropbox, 433.62pt x 289.08pt>
File: figures/CNNaccuvsLayers.pdf Graphic file (type pdf)
<use figures/CNNaccuvsLayers.pdf>
Package pdftex.def Info: figures/CNNaccuvsLayers.pdf  used on input line 276. o
n input line 276.
Package pdftex.def Info: Requested size: 252.94499pt x 168.63252pt on input lin
e 276.

Overfull \hbox (7.22688pt too wide) in paragraph at lines 276--277
 [] 
 []

[4 <./figures/svmSlack.png>]
<figures/svm_conf.png, id=264, 346.896pt x 346.896pt>
File: figures/svm_conf.png Graphic file (type png)
<use figures/svm_conf.png>
Package pdftex.def Info: figures/svm_conf.png  used on input line 294. on input
 line 294.
Package pdftex.def Info: Requested size: 252.94499pt x 252.94614pt on input lin
e 294.

Overfull \hbox (7.22688pt too wide) in paragraph at lines 294--295
 [] 
 []

[5 <./figures/CNNflowchart.png> <./figures/svm_tuning.png>]
<figures/fnn_tune.png, id=270, 462.528pt x 346.896pt>
File: figures/fnn_tune.png Graphic file (type png)
<use figures/fnn_tune.png>
Package pdftex.def Info: figures/fnn_tune.png  used on input line 306. on input
 line 306.
Package pdftex.def Info: Requested size: 252.94499pt x 189.70827pt on input lin
e 306.

Overfull \hbox (7.22688pt too wide) in paragraph at lines 306--307
 [] 
 []

<figures/fnn_conf.png, id=271, 346.896pt x 346.896pt>
File: figures/fnn_conf.png Graphic file (type png)
<use figures/fnn_conf.png>
Package pdftex.def Info: figures/fnn_conf.png  used on input line 313. on input
 line 313.
Package pdftex.def Info: Requested size: 252.94499pt x 252.94614pt on input lin
e 313.

Overfull \hbox (7.22688pt too wide) in paragraph at lines 313--314
 [] 
 []

<figures/cnn_conf.png, id=272, 346.896pt x 346.896pt>
File: figures/cnn_conf.png Graphic file (type png)
<use figures/cnn_conf.png>
Package pdftex.def Info: figures/cnn_conf.png  used on input line 324. on input
 line 324.
Package pdftex.def Info: Requested size: 252.94499pt x 252.94614pt on input lin
e 324.

Overfull \hbox (7.22688pt too wide) in paragraph at lines 324--325
 [] 
 []


Underfull \hbox (badness 10000) in paragraph at lines 367--371

 []

[6 <./figures/cnncomplexity.png> <./figures/CNNaccuvsLayers.pdf> <./figures/svm
_conf.png> <./figures/fnn_tune.png>]
Overfull \vbox (336.63315pt too high) has occurred while \output is active []


[7 <./figures/fnn_conf.png> <./figures/cnn_conf.png>] ("Kaggle Report.bbl"
Underfull \hbox (badness 4940) in paragraph at lines 67--71
[]\OT1/ptm/m/n/8 A. Bud-hi-raja, ``Dropout in (deep) ma-chine
 []


Underfull \hbox (badness 3724) in paragraph at lines 67--71
\OT1/ptm/m/n/8 learn-ing,'' 2016, [Ac-cessed 22-March-2018]. [On-
 []


Underfull \hbox (badness 4832) in paragraph at lines 67--71
\OT1/ptm/m/n/8 line]. Avail-able: $https : / / medium . com / @amarbudhiraja /
 []


Overfull \hbox (142.30238pt too wide) in paragraph at lines 67--71
\OT1/ptm/m/n/8 https-[]medium-[]com-[]amarbudhiraja-[]learning-[]less-[]to-[]le
arn-[]better-[]dropout-[]in-[]deep-[]machine-[]learning-[]74334da4bfc5$ 
 []


Overfull \hbox (118.21054pt too wide) in paragraph at lines 90--95
\OT1/ptm/m/n/8 types-[]of-[]optimization-[]algorithms-[]used-[]in-[]neural-[]ne
tworks-[]and-[]ways-[]to-[]optimize-[]gradient-[]95ae5d39529f.$ 
 []

)

** Conference Paper **
Before submitting the final camera ready copy, remember to:

 1. Manually equalize the lengths of two columns on the last page
 of your paper;

 2. Ensure that any PostScript and/or PDF output post-processing
 uses only Type 1 fonts and that every step in the generation
 process uses the US letter (8.5in X 11in) paper size.

[8] ("Kaggle Report.aux") ) 
Here is how much of TeX's memory you used:
 2965 strings out of 493312
 44048 string characters out of 3138899
 118378 words of memory out of 3000000
 6453 multiletter control sequences out of 15000+200000
 45674 words of font info for 94 fonts, out of 3000000 for 9000
 1141 hyphenation exceptions out of 8191
 41i,14n,25p,1022b,313s stack positions out of 5000i,500n,10000p,200000b,50000s
{C:/Program Files/MiKTeX 2.9/fonts/enc/dvips/base/8r
.enc}<C:/Program Files/MiKTeX 2.9/fonts/type1/public/amsfonts/cm/cmbx10.pfb><C:
/Program Files/MiKTeX 2.9/fonts/type1/public/amsfonts/cm/cmex10.pfb><C:/Program
 Files/MiKTeX 2.9/fonts/type1/public/amsfonts/cm/cmmi10.pfb><C:/Program Files/M
iKTeX 2.9/fonts/type1/public/amsfonts/cm/cmmi6.pfb><C:/Program Files/MiKTeX 2.9
/fonts/type1/public/amsfonts/cm/cmmi7.pfb><C:/Program Files/MiKTeX 2.9/fonts/ty
pe1/public/amsfonts/cm/cmmi8.pfb><C:/Program Files/MiKTeX 2.9/fonts/type1/publi
c/amsfonts/cm/cmr10.pfb><C:/Program Files/MiKTeX 2.9/fonts/type1/public/amsfont
s/cm/cmr6.pfb><C:/Program Files/MiKTeX 2.9/fonts/type1/public/amsfonts/cm/cmr7.
pfb><C:/Program Files/MiKTeX 2.9/fonts/type1/public/amsfonts/cm/cmr8.pfb><C:/Pr
ogram Files/MiKTeX 2.9/fonts/type1/public/amsfonts/cm/cmsy10.pfb><C:/Program Fi
les/MiKTeX 2.9/fonts/type1/public/amsfonts/cm/cmsy7.pfb><C:/Program Files/MiKTe
X 2.9/fonts/type1/public/amsfonts/cm/cmsy8.pfb><C:/Program Files/MiKTeX 2.9/fon
ts/type1/urw/courier/ucrr8a.pfb><C:/Program Files/MiKTeX 2.9/fonts/type1/urw/ti
mes/utmb8a.pfb><C:/Program Files/MiKTeX 2.9/fonts/type1/urw/times/utmbi8a.pfb><
C:/Program Files/MiKTeX 2.9/fonts/type1/urw/times/utmr8a.pfb><C:/Program Files/
MiKTeX 2.9/fonts/type1/urw/times/utmri8a.pfb>
Output written on "Kaggle Report.pdf" (8 pages, 790889 bytes).
PDF statistics:
 383 PDF objects out of 1000 (max. 8388607)
 0 named destinations out of 1000 (max. 500000)
 76 words of extra memory for PDF output out of 10000 (max. 10000000)

